<?xml version="1.0" encoding="UTF-8"?>
<!-- Generated by org.testng.reporters.JUnitReportReporter -->
<testsuite hostname="MGTECHLPT311" failures="0" tests="3" name="TestClass.TC_009_EndToEnd_Test" time="7.886" errors="0" timestamp="2023-07-21T09:26:47 IST" skipped="0">
  <testcase classname="TestClass.TC_009_EndToEnd_Test" name="IndexPage_Test" time="1.047"/>
  <system-out/>
  <testcase classname="TestClass.TC_009_EndToEnd_Test" name="ProductSearchPage_Test" time="2.523"/>
  <system-out/>
  <testcase classname="TestClass.TC_009_EndToEnd_Test" name="ShopingCartPage_Test" time="4.316"/>
  <system-out/>
</testsuite> <!-- TestClass.TC_009_EndToEnd_Test -->
