<?xml version="1.0" encoding="UTF-8"?>
<!-- Generated by org.testng.reporters.JUnitReportReporter -->
<testsuite hostname="MGTECHLPT311" failures="0" tests="2" name="TestClass.TC_001_IndexPage_Test" time="0.059" errors="0" timestamp="2023-08-07T21:57:09 IST" skipped="0">
  <testcase classname="TestClass.TC_001_IndexPage_Test" name="LogoTest" time="0.043"/>
  <system-out/>
  <testcase classname="TestClass.TC_001_IndexPage_Test" name="TitleTest" time="0.016"/>
  <system-out/>
</testsuite> <!-- TestClass.TC_001_IndexPage_Test -->
