<?xml version="1.0" encoding="UTF-8"?>
<!-- Generated by org.testng.reporters.JUnitReportReporter -->
<testsuite hostname="MGTECHLPT311" failures="0" tests="2" name="TestClass.TC_009_EndToEnd_Test" time="2.608" errors="0" timestamp="2023-07-25T15:49:26 IST" skipped="0">
  <testcase classname="TestClass.TC_009_EndToEnd_Test" name="IndexPage_Test" time="0.792"/>
  <system-out/>
  <testcase classname="TestClass.TC_009_EndToEnd_Test" name="ProductSearchPage_Test" time="1.816"/>
  <system-out/>
</testsuite> <!-- TestClass.TC_009_EndToEnd_Test -->
